<?xml version="1.0" encoding="UTF-8"?>
<!-- Generated by org.testng.reporters.JUnitXMLReporter -->
<testsuite ignored="8" hostname="Chaman-Pc" failures="0" tests="1" name="Default test" time="9.236" errors="0" timestamp="2024-09-29T11:59:20 IST">
  <testcase classname="TestCase.Login" name="TestCase2" time="2.689"/>
  <testcase classname="TestCase.Login" name="TestCase3" time="0.0">
    <ignored/>
  </testcase> <!-- TestCase3 -->
  <testcase classname="TestCase.Login" name="TestCase9" time="0.0">
    <ignored/>
  </testcase> <!-- TestCase9 -->
  <testcase classname="TestCase.Login" name="TestCase8" time="0.0">
    <ignored/>
  </testcase> <!-- TestCase8 -->
  <testcase classname="TestCase.Login" name="TestCase5" time="0.0">
    <ignored/>
  </testcase> <!-- TestCase5 -->
  <testcase classname="TestCase.Login" name="TestCase4" time="0.0">
    <ignored/>
  </testcase> <!-- TestCase4 -->
  <testcase classname="TestCase.Login" name="TestCase1" time="0.0">
    <ignored/>
  </testcase> <!-- TestCase1 -->
  <testcase classname="TestCase.Login" name="TestCase7" time="0.0">
    <ignored/>
  </testcase> <!-- TestCase7 -->
  <testcase classname="TestCase.Login" name="TestCase6" time="0.0">
    <ignored/>
  </testcase> <!-- TestCase6 -->
</testsuite> <!-- Default test -->
