<?xml version="1.0" encoding="UTF-8"?>
<!-- Generated by org.testng.reporters.JUnitXMLReporter -->
<testsuite ignored="0" hostname="Chaman-Pc" failures="0" tests="9" name="Test" time="35.061" errors="0" timestamp="2024-09-29T08:43:29 IST">
  <testcase classname="TestCase.Login" name="TestCase1" time="1.429"/>
  <testcase classname="TestCase.Login" name="TestCase2" time="2.647"/>
  <testcase classname="TestCase.Login" name="TestCase3" time="0.601"/>
  <testcase classname="TestCase.Login" name="TestCase4" time="0.564"/>
  <testcase classname="TestCase.Login" name="TestCase5" time="0.667"/>
  <testcase classname="TestCase.Login" name="TestCase6" time="0.661"/>
  <testcase classname="TestCase.Login" name="TestCase7" time="5.802"/>
  <testcase classname="TestCase.Login" name="TestCase8" time="0.665"/>
  <testcase classname="TestCase.Login" name="TestCase9" time="0.65"/>
</testsuite> <!-- Test -->
