<?xml version="1.0" encoding="UTF-8"?>
<testng-results ignored="0" total="1" passed="1" failed="0" skipped="0">
  <reporter-output>
  </reporter-output>
  <suite started-at="2024-09-29T11:59:11 IST" name="Default suite" finished-at="2024-09-29T11:59:20 IST" duration-ms="9236">
    <groups>
    </groups>
    <test started-at="2024-09-29T11:59:11 IST" name="Default test" finished-at="2024-09-29T11:59:20 IST" duration-ms="9236">
      <class name="TestCase.Login">
        <test-method is-config="true" signature="setup()[pri:0, instance:TestCase.Login@54422e18]" started-at="2024-09-29T11:59:11 IST" name="setup" finished-at="2024-09-29T11:59:17 IST" duration-ms="6123" status="PASS">
          <reporter-output>
          </reporter-output>
        </test-method> <!-- setup -->
        <test-method signature="TestCase2()[pri:0, instance:TestCase.Login@54422e18]" started-at="2024-09-29T11:59:17 IST" name="TestCase2" finished-at="2024-09-29T11:59:20 IST" duration-ms="2689" status="PASS">
          <reporter-output>
          </reporter-output>
        </test-method> <!-- TestCase2 -->
        <test-method is-config="true" signature="tearDown()[pri:0, instance:TestCase.Login@54422e18]" started-at="2024-09-29T11:59:20 IST" name="tearDown" finished-at="2024-09-29T11:59:20 IST" duration-ms="335" status="PASS">
          <reporter-output>
          </reporter-output>
        </test-method> <!-- tearDown -->
      </class> <!-- TestCase.Login -->
    </test> <!-- Default test -->
  </suite> <!-- Default suite -->
</testng-results>
